
------------------------------------------------------------------------------------------------------------------------
!TASK: Migrating from source-tool 'ARM Compiler' (com.ti.ccstudio.buildDefinitions.TMS470_18.12.exe.compilerDebug.1486073454) ... [Sun May 11 11:21:49 CDT 2025]

	!CONFIGURATION: 'Debug' (com.ti.ccstudio.buildDefinitions.TMS470.Debug.176431504)

		!TOOL: 'Arm Compiler' (com.ti.ccstudio.buildDefinitions.TMS470_TICLANG_4.0.exe.compilerDebug.138263336)

			!ERROR: java.io.IOException: Cannot run program "" (in directory "C:\Users\Ross Morrison\workspace_ccstheia\car_telemetry\Debug"): CreateProcess error=87, The parameter is incorrect
				at java.base/java.lang.ProcessBuilder.start(Unknown Source)
				at java.base/java.lang.ProcessBuilder.start(Unknown Source)
				at java.base/java.lang.Runtime.exec(Unknown Source)
				at com.ti.ccs.project.initializer.ConfigurationInitializer.getCanonicalizedToolSettings(ConfigurationInitializer.java:2138)
				at com.ti.ccs.project.initializer.ConfigurationInitializer.migrateBuildOptions(ConfigurationInitializer.java:1663)
				at com.ti.ccs.project.initializer.ConfigurationInitializer.doCopyBuildOptions(ConfigurationInitializer.java:1309)
				at com.ti.ccs.project.initializer.ConfigurationInitializer.copyBuildOptions(ConfigurationInitializer.java:434)
				at com.ti.ccs.project.initializer.ConfigurationInitializer.internalCopyBuildOptions(ConfigurationInitializer.java:1232)
				at com.ti.ccs.project.initializer.ConfigurationInitializer.internalInitializeBuildOptions(ConfigurationInitializer.java:891)
				at com.ti.ccs.project.initializer.ConfigurationInitializer.initializeFromExisting(ConfigurationInitializer.java:286)
				at com.ti.ccs.project.services.ProjectModifier$1.run(ProjectModifier.java:1249)
				at org.eclipse.core.internal.resources.Workspace.run(Workspace.java:2315)
				at org.eclipse.core.internal.resources.Workspace.run(Workspace.java:2340)
				at com.ti.ccs.project.services.ProjectModifier.modifyCCSProject(ProjectModifier.java:1211)
				at com.ti.ccs.project.services.ProjectModifier.modifyCCSProject(ProjectModifier.java:1169)
				at com.ti.ccs.server.handlers.ProjectPropertiesHandler.cmd_modifyProjectProperties_end(ProjectPropertiesHandler.java:1480)
				at com.ti.ccs.server.handlers.ProjectPropertiesHandler$11.handle(ProjectPropertiesHandler.java:614)
				at com.ti.ccs.server.events.IServerRequestHandler$Impl.handle(IServerRequestHandler.java:34)
				at com.ti.ccs.server.CCSServer$RequestHandlerJob.run(CCSServer.java:175)
				at org.eclipse.core.internal.jobs.Worker.run(Worker.java:63)
			Caused by: java.io.IOException: CreateProcess error=87, The parameter is incorrect
				at java.base/java.lang.ProcessImpl.create(Native Method)
				at java.base/java.lang.ProcessImpl.<init>(Unknown Source)
				at java.base/java.lang.ProcessImpl.start(Unknown Source)
				... 20 more
			

!END_TASK: [Sun May 11 11:21:49 CDT 2025]

